<?xml version="1.0" encoding="UTF-8" ?>
<testsuite failures="0" time="0.021" errors="0" skipped="0" tests="0" name="TestSuite">
  <properties>
    <property name="java.runtime.name" value="Java(TM) SE Runtime Environment"/>
    <property name="sun.boot.library.path" value="/System/Library/Java/JavaVirtualMachines/1.6.0.jdk/Contents/Libraries"/>
    <property name="java.vm.version" value="20.12-b01-434"/>
    <property name="awt.nativeDoubleBuffering" value="true"/>
    <property name="gopherProxySet" value="false"/>
    <property name="mrj.build" value="11M3909"/>
    <property name="java.vm.vendor" value="Apple Inc."/>
    <property name="java.vendor.url" value="http://www.apple.com/"/>
    <property name="path.separator" value=":"/>
    <property name="java.vm.name" value="Java HotSpot(TM) 64-Bit Server VM"/>
    <property name="file.encoding.pkg" value="sun.io"/>
    <property name="user.country" value="US"/>
    <property name="sun.java.launcher" value="SUN_STANDARD"/>
    <property name="sun.os.patch.level" value="unknown"/>
    <property name="java.vm.specification.name" value="Java Virtual Machine Specification"/>
    <property name="user.dir" value="/Users/scott/Documents/Dropbox/Workspace/Foundation"/>
    <property name="java.runtime.version" value="1.6.0_37-b06-434-11M3909"/>
    <property name="java.awt.graphicsenv" value="apple.awt.CGraphicsEnvironment"/>
    <property name="basedir" value="/Users/scott/Documents/Dropbox/Workspace/Foundation"/>
    <property name="java.endorsed.dirs" value="/System/Library/Java/JavaVirtualMachines/1.6.0.jdk/Contents/Home/lib/endorsed"/>
    <property name="os.arch" value="x86_64"/>
    <property name="surefire.real.class.path" value="/Users/scott/Documents/Dropbox/Workspace/Foundation/target/surefire/surefirebooter3264788837222440384.jar"/>
    <property name="java.io.tmpdir" value="/var/folders/_c/n63ztkzj0lv3dc8vpr3hm0kh0000gn/T/"/>
    <property name="line.separator" value="
"/>
    <property name="java.vm.specification.vendor" value="Sun Microsystems Inc."/>
    <property name="os.name" value="Mac OS X"/>
    <property name="sun.jnu.encoding" value="MacRoman"/>
    <property name="java.library.path" value=".:/Library/Java/Extensions:/System/Library/Java/Extensions:/usr/lib/java"/>
    <property name="surefire.test.class.path" value="/Users/scott/Documents/Dropbox/Workspace/Foundation/target/test-classes:/Users/scott/Documents/Dropbox/Workspace/Foundation/target/classes:/Users/scott/.m2/repository/org/clojure/java.jdbc/0.2.3/java.jdbc-0.2.3.jar:/Users/scott/.m2/repository/org/clojure/clojure/1.3.0/clojure-1.3.0.jar:/Users/scott/.m2/repository/com/scottbyrns/utilities/json-object-mapper/1.1.3-SNAPSHOT/json-object-mapper-1.1.3-SNAPSHOT.jar:/Users/scott/.m2/repository/org/codehaus/jackson/jackson-mapper-asl/1.9.4/jackson-mapper-asl-1.9.4.jar:/Users/scott/.m2/repository/org/codehaus/jackson/jackson-core-asl/1.9.4/jackson-core-asl-1.9.4.jar:/Users/scott/.m2/repository/org/json/json/20090211/json-20090211.jar:/Users/scott/.m2/repository/log4j/log4j/1.2.16/log4j-1.2.16.jar:/Users/scott/.m2/repository/junit/junit/4.8.2/junit-4.8.2.jar:/Users/scott/.m2/repository/dom4j/dom4j/1.6.1/dom4j-1.6.1.jar:/Users/scott/.m2/repository/xml-apis/xml-apis/1.0.b2/xml-apis-1.0.b2.jar:/Users/scott/.m2/repository/commons-logging/commons-logging/1.1.1/commons-logging-1.1.1.jar:/Users/scott/.m2/repository/commons-collections/commons-collections/3.2.1/commons-collections-3.2.1.jar:/Users/scott/.m2/repository/cglib/cglib/2.2/cglib-2.2.jar:/Users/scott/.m2/repository/asm/asm/3.1/asm-3.1.jar:/Users/scott/.m2/repository/javax/transaction/jta/1.1/jta-1.1.jar:/Users/scott/.m2/repository/mysql/mysql-connector-java/5.1.9/mysql-connector-java-5.1.9.jar:/Users/scott/.m2/repository/org/hibernate/hibernate/3.2.1.ga/hibernate-3.2.1.ga.jar:/Users/scott/.m2/repository/net/sf/ehcache/ehcache/1.2.3/ehcache-1.2.3.jar:/Users/scott/.m2/repository/asm/asm-attrs/1.5.3/asm-attrs-1.5.3.jar:/Users/scott/.m2/repository/antlr/antlr/2.7.6/antlr-2.7.6.jar:/Users/scott/.m2/repository/org/hibernate/hibernate-annotations/3.2.0.ga/hibernate-annotations-3.2.0.ga.jar:/Users/scott/.m2/repository/javax/persistence/persistence-api/1.0/persistence-api-1.0.jar:/Users/scott/.m2/repository/org/hibernate/hibernate-ehcache/3.3.2.GA/hibernate-ehcache-3.3.2.GA.jar:/Users/scott/.m2/repository/org/hibernate/hibernate-core/3.3.2.GA/hibernate-core-3.3.2.GA.jar:/Users/scott/.m2/repository/org/hibernate/hibernate-validator-annotation-processor/4.1.0.Final/hibernate-validator-annotation-processor-4.1.0.Final.jar:/Users/scott/.m2/repository/org/hibernate/hibernate-validator/4.1.0.Final/hibernate-validator-4.1.0.Final.jar:/Users/scott/.m2/repository/org/formbuilder/formbuilder-main/1.1/formbuilder-main-1.1.jar:/Users/scott/.m2/repository/com/google/code/findbugs/jsr305/1.3.7/jsr305-1.3.7.jar:/Users/scott/.m2/repository/javax/validation/validation-api/1.0.0.GA/validation-api-1.0.0.GA.jar:/Users/scott/.m2/repository/com/google/collections/google-collections/1.0/google-collections-1.0.jar:/Users/scott/.m2/repository/org/slf4j/slf4j-log4j12/1.7.2/slf4j-log4j12-1.7.2.jar:/Users/scott/.m2/repository/org/slf4j/slf4j-api/1.7.2/slf4j-api-1.7.2.jar:/Users/scott/.m2/repository/org/apache/opennlp/opennlp-tools/1.5.2-incubating/opennlp-tools-1.5.2-incubating.jar:/Users/scott/.m2/repository/jwnl/jwnl/1.3.3/jwnl-1.3.3.jar:/Users/scott/.m2/repository/org/apache/opennlp/opennlp-maxent/3.0.2-incubating/opennlp-maxent-3.0.2-incubating.jar:/Users/scott/.m2/repository/org/apache/opennlp/opennlp-uima/1.5.2-incubating/opennlp-uima-1.5.2-incubating.jar:"/>
    <property name="java.specification.name" value="Java Platform API Specification"/>
    <property name="java.class.version" value="50.0"/>
    <property name="sun.management.compiler" value="HotSpot 64-Bit Tiered Compilers"/>
    <property name="os.version" value="10.8.1"/>
    <property name="http.nonProxyHosts" value="local|*.local|169.254/16|*.169.254/16"/>
    <property name="user.home" value="/Users/scott"/>
    <property name="user.timezone" value=""/>
    <property name="java.awt.printerjob" value="apple.awt.CPrinterJob"/>
    <property name="java.specification.version" value="1.6"/>
    <property name="file.encoding" value="MacRoman"/>
    <property name="user.name" value="scott"/>
    <property name="java.class.path" value="/Users/scott/Documents/Dropbox/Workspace/Foundation/target/test-classes:/Users/scott/Documents/Dropbox/Workspace/Foundation/target/classes:/Users/scott/.m2/repository/org/clojure/java.jdbc/0.2.3/java.jdbc-0.2.3.jar:/Users/scott/.m2/repository/org/clojure/clojure/1.3.0/clojure-1.3.0.jar:/Users/scott/.m2/repository/com/scottbyrns/utilities/json-object-mapper/1.1.3-SNAPSHOT/json-object-mapper-1.1.3-SNAPSHOT.jar:/Users/scott/.m2/repository/org/codehaus/jackson/jackson-mapper-asl/1.9.4/jackson-mapper-asl-1.9.4.jar:/Users/scott/.m2/repository/org/codehaus/jackson/jackson-core-asl/1.9.4/jackson-core-asl-1.9.4.jar:/Users/scott/.m2/repository/org/json/json/20090211/json-20090211.jar:/Users/scott/.m2/repository/log4j/log4j/1.2.16/log4j-1.2.16.jar:/Users/scott/.m2/repository/junit/junit/4.8.2/junit-4.8.2.jar:/Users/scott/.m2/repository/dom4j/dom4j/1.6.1/dom4j-1.6.1.jar:/Users/scott/.m2/repository/xml-apis/xml-apis/1.0.b2/xml-apis-1.0.b2.jar:/Users/scott/.m2/repository/commons-logging/commons-logging/1.1.1/commons-logging-1.1.1.jar:/Users/scott/.m2/repository/commons-collections/commons-collections/3.2.1/commons-collections-3.2.1.jar:/Users/scott/.m2/repository/cglib/cglib/2.2/cglib-2.2.jar:/Users/scott/.m2/repository/asm/asm/3.1/asm-3.1.jar:/Users/scott/.m2/repository/javax/transaction/jta/1.1/jta-1.1.jar:/Users/scott/.m2/repository/mysql/mysql-connector-java/5.1.9/mysql-connector-java-5.1.9.jar:/Users/scott/.m2/repository/org/hibernate/hibernate/3.2.1.ga/hibernate-3.2.1.ga.jar:/Users/scott/.m2/repository/net/sf/ehcache/ehcache/1.2.3/ehcache-1.2.3.jar:/Users/scott/.m2/repository/asm/asm-attrs/1.5.3/asm-attrs-1.5.3.jar:/Users/scott/.m2/repository/antlr/antlr/2.7.6/antlr-2.7.6.jar:/Users/scott/.m2/repository/org/hibernate/hibernate-annotations/3.2.0.ga/hibernate-annotations-3.2.0.ga.jar:/Users/scott/.m2/repository/javax/persistence/persistence-api/1.0/persistence-api-1.0.jar:/Users/scott/.m2/repository/org/hibernate/hibernate-ehcache/3.3.2.GA/hibernate-ehcache-3.3.2.GA.jar:/Users/scott/.m2/repository/org/hibernate/hibernate-core/3.3.2.GA/hibernate-core-3.3.2.GA.jar:/Users/scott/.m2/repository/org/hibernate/hibernate-validator-annotation-processor/4.1.0.Final/hibernate-validator-annotation-processor-4.1.0.Final.jar:/Users/scott/.m2/repository/org/hibernate/hibernate-validator/4.1.0.Final/hibernate-validator-4.1.0.Final.jar:/Users/scott/.m2/repository/org/formbuilder/formbuilder-main/1.1/formbuilder-main-1.1.jar:/Users/scott/.m2/repository/com/google/code/findbugs/jsr305/1.3.7/jsr305-1.3.7.jar:/Users/scott/.m2/repository/javax/validation/validation-api/1.0.0.GA/validation-api-1.0.0.GA.jar:/Users/scott/.m2/repository/com/google/collections/google-collections/1.0/google-collections-1.0.jar:/Users/scott/.m2/repository/org/slf4j/slf4j-log4j12/1.7.2/slf4j-log4j12-1.7.2.jar:/Users/scott/.m2/repository/org/slf4j/slf4j-api/1.7.2/slf4j-api-1.7.2.jar:/Users/scott/.m2/repository/org/apache/opennlp/opennlp-tools/1.5.2-incubating/opennlp-tools-1.5.2-incubating.jar:/Users/scott/.m2/repository/jwnl/jwnl/1.3.3/jwnl-1.3.3.jar:/Users/scott/.m2/repository/org/apache/opennlp/opennlp-maxent/3.0.2-incubating/opennlp-maxent-3.0.2-incubating.jar:/Users/scott/.m2/repository/org/apache/opennlp/opennlp-uima/1.5.2-incubating/opennlp-uima-1.5.2-incubating.jar:"/>
    <property name="java.vm.specification.version" value="1.0"/>
    <property name="sun.arch.data.model" value="64"/>
    <property name="java.home" value="/System/Library/Java/JavaVirtualMachines/1.6.0.jdk/Contents/Home"/>
    <property name="sun.java.command" value="/Users/scott/Documents/Dropbox/Workspace/Foundation/target/surefire/surefirebooter3264788837222440384.jar /Users/scott/Documents/Dropbox/Workspace/Foundation/target/surefire/surefire6433363776483178911tmp /Users/scott/Documents/Dropbox/Workspace/Foundation/target/surefire/surefire5968834871909798930tmp"/>
    <property name="java.specification.vendor" value="Sun Microsystems Inc."/>
    <property name="user.language" value="en"/>
    <property name="awt.toolkit" value="apple.awt.CToolkit"/>
    <property name="java.vm.info" value="mixed mode"/>
    <property name="java.version" value="1.6.0_37"/>
    <property name="java.ext.dirs" value="/Library/Java/Extensions:/System/Library/Java/Extensions:/System/Library/Java/JavaVirtualMachines/1.6.0.jdk/Contents/Home/lib/ext"/>
    <property name="sun.boot.class.path" value="/System/Library/Java/JavaVirtualMachines/1.6.0.jdk/Contents/Classes/jsfd.jar:/System/Library/Java/JavaVirtualMachines/1.6.0.jdk/Contents/Classes/classes.jar:/System/Library/Frameworks/JavaVM.framework/Frameworks/JavaRuntimeSupport.framework/Resources/Java/JavaRuntimeSupport.jar:/System/Library/Java/JavaVirtualMachines/1.6.0.jdk/Contents/Classes/ui.jar:/System/Library/Java/JavaVirtualMachines/1.6.0.jdk/Contents/Classes/laf.jar:/System/Library/Java/JavaVirtualMachines/1.6.0.jdk/Contents/Classes/sunrsasign.jar:/System/Library/Java/JavaVirtualMachines/1.6.0.jdk/Contents/Classes/jsse.jar:/System/Library/Java/JavaVirtualMachines/1.6.0.jdk/Contents/Classes/jce.jar:/System/Library/Java/JavaVirtualMachines/1.6.0.jdk/Contents/Classes/charsets.jar"/>
    <property name="java.vendor" value="Apple Inc."/>
    <property name="localRepository" value="/Users/scott/.m2/repository"/>
    <property name="file.separator" value="/"/>
    <property name="java.vendor.url.bug" value="http://bugreport.apple.com/"/>
    <property name="sun.cpu.endian" value="little"/>
    <property name="sun.io.unicode.encoding" value="UnicodeLittle"/>
    <property name="mrj.version" value="1070.1.6.0_37-434"/>
    <property name="socksNonProxyHosts" value="local|*.local|169.254/16|*.169.254/16"/>
    <property name="ftp.nonProxyHosts" value="local|*.local|169.254/16|*.169.254/16"/>
    <property name="sun.cpu.isalist" value=""/>
  </properties>
</testsuite>